<?xml version="1.0" encoding="UTF-8"?>
<testsuite xmlns:xsi="http://www.w3.org/2001/XMLSchema-instance" xsi:noNamespaceSchemaLocation="https://maven.apache.org/surefire/maven-surefire-plugin/xsd/surefire-test-report-3.0.xsd" version="3.0" name="Runner.CucumberRunnerTest" time="2.177" tests="2" errors="2" skipped="0" failures="0">
  <properties>
[...]
</properties>
  <testcase name="Validate login test with valid credentials" classname="Login" time="0.3">
    <error type="java.lang.NullPointerException">java.lang.NullPointerException
</error>
    <system-out><![CDATA[
@Smoke
Scenario: Validate login test with valid credentials                                     # src/test/resources/Features/Login.feature:11
      java.lang.NullPointerException
	at StepDefinition.Login.browserActivity(Login.java:28)

  Given User launch the brower                                                           # StepDefinition.Login.user_launch_the_brower()
  And Enter app url and hit enter                                                        # StepDefinition.Login.enter_app_url_and_hit_enter()
  And click on sign in link                                                              # StepDefinition.Login.click_on_sign_in_link()
  And Enter valid username as "mailmeshail01@rediffmail.com" and password as "Test@1234" # StepDefinition.Login.enter_valid_username_and_password(java.lang.String,java.lang.String)
  When Click on login button                                                             # StepDefinition.Login.click_on_login_button()
  Then Validate page url should contains "ajaxprism"                                     # StepDefinition.Login.validate_page_url_should_contains(java.lang.String)
  And close browser                                                                      # StepDefinition.Login.close_browser()
      java.lang.NullPointerException
	at StepDefinition.Login.tearDown(Login.java:93)

]]></system-out>
  </testcase>
  <testcase name="Validate login test with valid credentials" classname="Login" time="0.302">
    <error type="java.lang.NullPointerException">java.lang.NullPointerException
</error>
  </testcase>
</testsuite>